<?xml version="1.0" encoding="UTF-8"?>
<!-- Generated by org.testng.reporters.JUnitXMLReporter -->
<testsuite ignored="0" hostname="DESKTOP-PVI9R6Q" failures="0" tests="4" name="Surefire test" time="29.957" errors="0" timestamp="2023-09-17T16:07:33 GMT-04:00">
  <testcase classname="testLayer.Testclass" name="signin" time="7.235"/>
  <testcase classname="testLayer.Testclass" name="signin" time="7.272"/>
  <testcase classname="testLayer.Testclass" name="signin" time="6.329"/>
  <testcase classname="testLayer.Testclass" name="title" time="0.023"/>
</testsuite> <!-- Surefire test -->
