<?xml version="1.0" encoding="UTF-8"?>
<!-- Generated by org.testng.reporters.JUnitXMLReporter -->
<testsuite ignored="0" hostname="DESKTOP-PVI9R6Q" failures="0" tests="4" name="TestN" time="27.812" errors="0" timestamp="2023-07-24T12:11:28 GMT-04:00">
  <testcase classname="testLayer.Testclass" name="signin" time="6.22"/>
  <testcase classname="testLayer.Testclass" name="signin" time="6.343"/>
  <testcase classname="testLayer.Testclass" name="signin" time="6.47"/>
  <testcase classname="testLayer.Testclass" name="title" time="0.105"/>
</testsuite> <!-- TestN -->
