<?xml version="1.0" encoding="UTF-8"?>
<!-- Generated by org.testng.reporters.JUnitXMLReporter -->
<testsuite ignored="0" hostname="DESKTOP-PVI9R6Q" failures="0" tests="5" name="Default test" time="0.129" errors="0" timestamp="2023-09-17T14:25:03 GMT-04:00">
  <testcase classname="testngPractice.Google" name="@BeforeSuite driversetup" time="0.117">
    <failure type="java.lang.IllegalStateException" message="The driver executable must exist: C:\Users\gurpr\eclipse-workspace\newguru\OCT_TDD\chromedriver.exe">
      <![CDATA[java.lang.IllegalStateException: The driver executable must exist: C:\Users\gurpr\eclipse-workspace\newguru\OCT_TDD\chromedriver.exe
at org.openqa.selenium.internal.Require$FileStateChecker.isFile(Require.java:345)
at org.openqa.selenium.remote.service.DriverFinder.getPath(DriverFinder.java:40)
at org.openqa.selenium.chrome.ChromeDriver.generateExecutor(ChromeDriver.java:98)
at org.openqa.selenium.chrome.ChromeDriver.<init>(ChromeDriver.java:88)
at org.openqa.selenium.chrome.ChromeDriver.<init>(ChromeDriver.java:84)
at org.openqa.selenium.chrome.ChromeDriver.<init>(ChromeDriver.java:52)
at testngPractice.Google.driversetup(Google.java:26)
at java.base/jdk.internal.reflect.NativeMethodAccessorImpl.invoke0(Native Method)
at java.base/jdk.internal.reflect.NativeMethodAccessorImpl.invoke(NativeMethodAccessorImpl.java:77)
at java.base/jdk.internal.reflect.DelegatingMethodAccessorImpl.invoke(DelegatingMethodAccessorImpl.java:43)
at java.base/java.lang.reflect.Method.invoke(Method.java:568)
at org.testng.internal.invokers.MethodInvocationHelper.invokeMethod(MethodInvocationHelper.java:139)
at org.testng.internal.invokers.MethodInvocationHelper.invokeMethodConsideringTimeout(MethodInvocationHelper.java:69)
at org.testng.internal.invokers.ConfigInvoker.invokeConfigurationMethod(ConfigInvoker.java:361)
at org.testng.internal.invokers.ConfigInvoker.invokeConfigurations(ConfigInvoker.java:296)
at org.testng.SuiteRunner.privateRun(SuiteRunner.java:376)
at org.testng.SuiteRunner.run(SuiteRunner.java:330)
at org.testng.SuiteRunnerWorker.runSuite(SuiteRunnerWorker.java:52)
at org.testng.SuiteRunnerWorker.run(SuiteRunnerWorker.java:95)
at org.testng.TestNG.runSuitesSequentially(TestNG.java:1256)
at org.testng.TestNG.runSuitesLocally(TestNG.java:1176)
at org.testng.TestNG.runSuites(TestNG.java:1099)
at org.testng.TestNG.run(TestNG.java:1067)
at org.testng.remote.AbstractRemoteTestNG.run(AbstractRemoteTestNG.java:115)
at org.testng.remote.RemoteTestNG.initAndRun(RemoteTestNG.java:251)
at org.testng.remote.RemoteTestNG.main(RemoteTestNG.java:77)
]]>
    </failure>
  </testcase> <!-- @BeforeSuite driversetup -->
  <testcase classname="testngPractice.Google" name="@BeforeTest wait1" time="0.0">
    <skipped/>
  </testcase> <!-- @BeforeTest wait1 -->
  <testcase classname="testngPractice.Google" name="@BeforeClass window" time="0.0">
    <skipped/>
  </testcase> <!-- @BeforeClass window -->
  <testcase classname="testngPractice.Google" name="@BeforeMethod url" time="0.0">
    <skipped/>
  </testcase> <!-- @BeforeMethod url -->
  <testcase classname="testngPractice.Google" name="@BeforeMethod url" time="0.0">
    <skipped/>
  </testcase> <!-- @BeforeMethod url -->
  <testcase classname="testngPractice.Google" name="@BeforeMethod url" time="0.0">
    <skipped/>
  </testcase> <!-- @BeforeMethod url -->
  <testcase classname="testngPractice.Google" name="@BeforeMethod url" time="0.0">
    <skipped/>
  </testcase> <!-- @BeforeMethod url -->
  <testcase classname="testngPractice.Google" name="@BeforeMethod url" time="0.0">
    <skipped/>
  </testcase> <!-- @BeforeMethod url -->
  <testcase classname="testngPractice.Google" name="@AfterTest close" time="0.0">
    <skipped/>
  </testcase> <!-- @AfterTest close -->
  <testcase classname="testngPractice.Google" name="title" time="0.0">
    <skipped/>
  </testcase> <!-- title -->
  <testcase classname="testngPractice.Google" name="search" time="0.0">
    <skipped/>
  </testcase> <!-- search -->
  <testcase classname="testngPractice.Google" name="search" time="0.0">
    <skipped/>
  </testcase> <!-- search -->
  <testcase classname="testngPractice.Google" name="search" time="0.001">
    <skipped/>
  </testcase> <!-- search -->
  <testcase classname="testngPractice.Google" name="search" time="0.0">
    <skipped/>
  </testcase> <!-- search -->
</testsuite> <!-- Default test -->
