<?xml version="1.0" encoding="UTF-8"?>
<!-- Generated by org.testng.reporters.JUnitXMLReporter -->
<testsuite ignored="0" hostname="DESKTOP-PVI9R6Q" failures="1" tests="4" name="TestN" time="27.652" errors="0" timestamp="2023-07-21T14:44:44 GMT-04:00">
  <testcase classname="testLayer.Testclass" name="signin" time="6.391"/>
  <testcase classname="testLayer.Testclass" name="signin" time="6.384"/>
  <testcase classname="testLayer.Testclass" name="signin" time="6.507"/>
  <testcase classname="testLayer.Testclass" name="title" time="0.033">
    <failure type="java.lang.AssertionError" message="expected [Sign in] but found [Loading...]">
      <![CDATA[java.lang.AssertionError: expected [Sign in] but found [Loading...]
at testLayer.Testclass.title(Testclass.java:26)
at java.base/java.util.ArrayList.forEach(ArrayList.java:1511)
... Removed 33 stack frames]]>
    </failure>
  </testcase> <!-- title -->
</testsuite> <!-- TestN -->
