<?xml version="1.0" encoding="UTF-8"?>
<!-- Generated by org.testng.reporters.JUnitXMLReporter -->
<testsuite ignored="0" hostname="DESKTOP-PVI9R6Q" failures="2" tests="9" name="Test" time="49.686" errors="0" timestamp="2023-09-17T14:49:16 GMT-04:00">
  <testcase classname="testngPractice.Google" name="title" time="0.021">
    <failure type="java.lang.AssertionError" message="The following asserts failed:
	expected [yahoo] but found [Google]">
      <![CDATA[java.lang.AssertionError: The following asserts failed:
expected [yahoo] but found [Google]
at testngPractice.Google.title(Google.java:53)
at java.base/java.util.ArrayList.forEach(ArrayList.java:1511)
... Removed 29 stack frames]]>
    </failure>
  </testcase> <!-- title -->
  <testcase classname="testngPractice.Google" name="search" time="3.1"/>
  <testcase classname="testngPractice.Google" name="search" time="3.065"/>
  <testcase classname="testngPractice.Google" name="search" time="3.075"/>
  <testcase classname="testngPractice.Google" name="search" time="3.074"/>
  <testcase classname="testLayer.Testclass" name="signin" time="6.604"/>
  <testcase classname="testLayer.Testclass" name="signin" time="7.182"/>
  <testcase classname="testLayer.Testclass" name="signin" time="6.242"/>
  <testcase classname="testLayer.Testclass" name="title" time="0.008">
    <failure type="java.lang.AssertionError" message="expected [Sign in] but found [Loading...]">
      <![CDATA[java.lang.AssertionError: expected [Sign in] but found [Loading...]
at testLayer.Testclass.title(Testclass.java:29)
at java.base/java.util.ArrayList.forEach(ArrayList.java:1511)
... Removed 33 stack frames]]>
    </failure>
  </testcase> <!-- title -->
</testsuite> <!-- Test -->
