<?xml version="1.0" encoding="UTF-8"?>
<testng-results ignored="0" total="4" passed="4" failed="0" skipped="0">
  <reporter-output>
  </reporter-output>
  <suite started-at="2023-09-17T16:07:03 GMT-04:00" name="Surefire suite" finished-at="2023-09-17T16:07:33 GMT-04:00" duration-ms="29957">
    <groups>
    </groups>
    <test started-at="2023-09-17T16:07:03 GMT-04:00" name="Surefire test" finished-at="2023-09-17T16:07:33 GMT-04:00" duration-ms="29957">
      <class name="testLayer.Testclass">
        <test-method is-config="true" signature="initialsetup()[pri:0, instance:testLayer.Testclass@778d1062]" started-at="2023-09-17T16:07:04 GMT-04:00" name="initialsetup" finished-at="2023-09-17T16:07:06 GMT-04:00" duration-ms="2470" status="PASS">
          <reporter-output>
          </reporter-output>
        </test-method> <!-- initialsetup -->
        <test-method signature="signin(java.lang.String,java.lang.String)[pri:0, instance:testLayer.Testclass@778d1062]" started-at="2023-09-17T16:07:06 GMT-04:00" name="signin" data-provider="details" finished-at="2023-09-17T16:07:14 GMT-04:00" duration-ms="7235" status="PASS">
          <params>
            <param index="0">
              <value>
                <![CDATA[gurpreetk@yahoo.com]]>
              </value>
            </param>
            <param index="1">
              <value>
                <![CDATA[2345.0]]>
              </value>
            </param>
          </params>
          <reporter-output>
          </reporter-output>
        </test-method> <!-- signin -->
        <test-method is-config="true" signature="close()[pri:0, instance:testLayer.Testclass@778d1062]" started-at="2023-09-17T16:07:14 GMT-04:00" name="close" finished-at="2023-09-17T16:07:14 GMT-04:00" duration-ms="143" status="PASS">
          <reporter-output>
          </reporter-output>
        </test-method> <!-- close -->
        <test-method is-config="true" signature="initialsetup()[pri:0, instance:testLayer.Testclass@778d1062]" started-at="2023-09-17T16:07:14 GMT-04:00" name="initialsetup" finished-at="2023-09-17T16:07:16 GMT-04:00" duration-ms="2032" status="PASS">
          <reporter-output>
          </reporter-output>
        </test-method> <!-- initialsetup -->
        <test-method signature="signin(java.lang.String,java.lang.String)[pri:0, instance:testLayer.Testclass@778d1062]" started-at="2023-09-17T16:07:16 GMT-04:00" name="signin" data-provider="details" finished-at="2023-09-17T16:07:23 GMT-04:00" duration-ms="7272" status="PASS">
          <params>
            <param index="0">
              <value>
                <![CDATA[baljeets12@gmail.com]]>
              </value>
            </param>
            <param index="1">
              <value>
                <![CDATA[67547.0]]>
              </value>
            </param>
          </params>
          <reporter-output>
          </reporter-output>
        </test-method> <!-- signin -->
        <test-method is-config="true" signature="close()[pri:0, instance:testLayer.Testclass@778d1062]" started-at="2023-09-17T16:07:23 GMT-04:00" name="close" finished-at="2023-09-17T16:07:23 GMT-04:00" duration-ms="104" status="PASS">
          <reporter-output>
          </reporter-output>
        </test-method> <!-- close -->
        <test-method is-config="true" signature="initialsetup()[pri:0, instance:testLayer.Testclass@778d1062]" started-at="2023-09-17T16:07:23 GMT-04:00" name="initialsetup" finished-at="2023-09-17T16:07:25 GMT-04:00" duration-ms="1832" status="PASS">
          <reporter-output>
          </reporter-output>
        </test-method> <!-- initialsetup -->
        <test-method signature="signin(java.lang.String,java.lang.String)[pri:0, instance:testLayer.Testclass@778d1062]" started-at="2023-09-17T16:07:25 GMT-04:00" name="signin" data-provider="details" finished-at="2023-09-17T16:07:31 GMT-04:00" duration-ms="6329" status="PASS">
          <params>
            <param index="0">
              <value>
                <![CDATA[banmeets457@gmail.com]]>
              </value>
            </param>
            <param index="1">
              <value>
                <![CDATA[89654.0]]>
              </value>
            </param>
          </params>
          <reporter-output>
          </reporter-output>
        </test-method> <!-- signin -->
        <test-method is-config="true" signature="close()[pri:0, instance:testLayer.Testclass@778d1062]" started-at="2023-09-17T16:07:31 GMT-04:00" name="close" finished-at="2023-09-17T16:07:31 GMT-04:00" duration-ms="105" status="PASS">
          <reporter-output>
          </reporter-output>
        </test-method> <!-- close -->
        <test-method is-config="true" signature="initialsetup()[pri:0, instance:testLayer.Testclass@778d1062]" started-at="2023-09-17T16:07:31 GMT-04:00" name="initialsetup" finished-at="2023-09-17T16:07:33 GMT-04:00" duration-ms="1551" status="PASS">
          <reporter-output>
          </reporter-output>
        </test-method> <!-- initialsetup -->
        <test-method signature="title()[pri:1, instance:testLayer.Testclass@778d1062]" started-at="2023-09-17T16:07:33 GMT-04:00" name="title" finished-at="2023-09-17T16:07:33 GMT-04:00" duration-ms="23" status="PASS">
          <reporter-output>
          </reporter-output>
        </test-method> <!-- title -->
        <test-method is-config="true" signature="close()[pri:0, instance:testLayer.Testclass@778d1062]" started-at="2023-09-17T16:07:33 GMT-04:00" name="close" finished-at="2023-09-17T16:07:33 GMT-04:00" duration-ms="123" status="PASS">
          <reporter-output>
          </reporter-output>
        </test-method> <!-- close -->
      </class> <!-- testLayer.Testclass -->
    </test> <!-- Surefire test -->
  </suite> <!-- Surefire suite -->
</testng-results>
